<?xml version="1.0" encoding="UTF-8"?>
<!-- Generated by org.testng.reporters.JUnitReportReporter -->
<testsuite hostname="GUDDU" failures="0" tests="1" name="extentReports.ToAddScreenshotintoReport" time="34.932" errors="0" timestamp="2024-08-09T12:31:09 IST" skipped="0">
  <testcase classname="extentReports.ToAddScreenshotintoReport" name="addscreenshot" time="34.932"/>
  <system-out/>
</testsuite> <!-- extentReports.ToAddScreenshotintoReport -->
