<?xml version="1.0" encoding="UTF-8"?>
<!-- Generated by org.testng.reporters.JUnitReportReporter -->
<testsuite hostname="GUDDU" failures="0" tests="1" name="demo.SampleTest" time="0.026" errors="0" timestamp="2024-07-27T11:48:53 IST" skipped="0">
  <testcase classname="demo.SampleTest" name="sample" time="0.026"/>
  <system-out>
    <![CDATA[SampleTest class executed]]>
  </system-out>
</testsuite> <!-- demo.SampleTest -->
