<?xml version="1.0" encoding="UTF-8"?>
<!-- Generated by org.testng.reporters.JUnitReportReporter -->
<testsuite hostname="GUDDU" failures="0" tests="1" name="demo.Sample" time="0.027" errors="0" timestamp="2024-07-26T12:02:41 IST" skipped="0">
  <testcase classname="demo.Sample" name="demo" time="0.027"/>
  <system-out>
    <![CDATA[Sample class executed]]>
  </system-out>
</testsuite> <!-- demo.Sample -->
